  [1m[35m (0.2ms)[0m  [1m[34mSELECT sqlite_version(*)[0m
  ↳ /usr/lib/ruby/vendor_ruby/bootsnap/load_path_cache/core_ext/kernel_require.rb:23
  [1m[35m (89.1ms)[0m  [1m[35mCREATE TABLE "schema_migrations" ("version" varchar NOT NULL PRIMARY KEY)[0m
  ↳ /usr/lib/ruby/vendor_ruby/bootsnap/load_path_cache/core_ext/kernel_require.rb:23
  [1m[35m (62.0ms)[0m  [1m[35mCREATE TABLE "ar_internal_metadata" ("key" varchar NOT NULL PRIMARY KEY, "value" varchar, "created_at" datetime NOT NULL, "updated_at" datetime NOT NULL)[0m
  ↳ /usr/lib/ruby/vendor_ruby/bootsnap/load_path_cache/core_ext/kernel_require.rb:23
  [1m[35m (0.2ms)[0m  [1m[34mSELECT "schema_migrations"."version" FROM "schema_migrations" ORDER BY "schema_migrations"."version" ASC[0m
  ↳ /usr/lib/ruby/vendor_ruby/bootsnap/load_path_cache/core_ext/kernel_require.rb:23
Migrating to CreateUsers (20240125093304)
  [1m[35m (0.1ms)[0m  [1m[36mbegin transaction[0m
  ↳ /usr/lib/ruby/vendor_ruby/bootsnap/load_path_cache/core_ext/kernel_require.rb:23
  [1m[35m (1.2ms)[0m  [1m[35mCREATE TABLE "users" ("id" integer PRIMARY KEY AUTOINCREMENT NOT NULL, "name" varchar, "email" varchar, "age" integer, "address" text, "created_at" datetime NOT NULL, "updated_at" datetime NOT NULL)[0m
  ↳ db/migrate/20240125093304_create_users.rb:3
  [1m[36mActiveRecord::SchemaMigration Create (0.6ms)[0m  [1m[32mINSERT INTO "schema_migrations" ("version") VALUES (?)[0m  [["version", "20240125093304"]]
  ↳ /usr/lib/ruby/vendor_ruby/bootsnap/load_path_cache/core_ext/kernel_require.rb:23
  [1m[35m (52.9ms)[0m  [1m[36mcommit transaction[0m
  ↳ /usr/lib/ruby/vendor_ruby/bootsnap/load_path_cache/core_ext/kernel_require.rb:23
  [1m[36mActiveRecord::InternalMetadata Load (0.3ms)[0m  [1m[34mSELECT  "ar_internal_metadata".* FROM "ar_internal_metadata" WHERE "ar_internal_metadata"."key" = ? LIMIT ?[0m  [["key", "environment"], ["LIMIT", 1]]
  ↳ /usr/lib/ruby/vendor_ruby/bootsnap/load_path_cache/core_ext/kernel_require.rb:23
  [1m[35m (0.1ms)[0m  [1m[36mbegin transaction[0m
  ↳ /usr/lib/ruby/vendor_ruby/bootsnap/load_path_cache/core_ext/kernel_require.rb:23
  [1m[36mActiveRecord::InternalMetadata Create (0.5ms)[0m  [1m[32mINSERT INTO "ar_internal_metadata" ("key", "value", "created_at", "updated_at") VALUES (?, ?, ?, ?)[0m  [["key", "environment"], ["value", "development"], ["created_at", "2024-01-25 09:34:01.051493"], ["updated_at", "2024-01-25 09:34:01.051493"]]
  ↳ /usr/lib/ruby/vendor_ruby/bootsnap/load_path_cache/core_ext/kernel_require.rb:23
  [1m[35m (38.0ms)[0m  [1m[36mcommit transaction[0m
  ↳ /usr/lib/ruby/vendor_ruby/bootsnap/load_path_cache/core_ext/kernel_require.rb:23
  [1m[35m (0.2ms)[0m  [1m[34mSELECT "schema_migrations"."version" FROM "schema_migrations" ORDER BY "schema_migrations"."version" ASC[0m
  ↳ /usr/lib/ruby/vendor_ruby/bootsnap/load_path_cache/core_ext/kernel_require.rb:23
  [1m[35m (0.1ms)[0m  [1m[34mSELECT "schema_migrations"."version" FROM "schema_migrations" ORDER BY "schema_migrations"."version" ASC[0m
  ↳ /usr/lib/ruby/vendor_ruby/bootsnap/load_path_cache/core_ext/kernel_require.rb:23
Migrating to UserRenameColumn (20240125093557)
  [1m[35m (0.1ms)[0m  [1m[36mbegin transaction[0m
  ↳ /usr/lib/ruby/vendor_ruby/bootsnap/load_path_cache/core_ext/kernel_require.rb:23
  [1m[35m (0.1ms)[0m  [1m[34mSELECT sqlite_version(*)[0m
  ↳ db/migrate/20240125093557_user_rename_column.rb:3
  [1m[35m (0.2ms)[0m  [1m[35mCREATE TEMPORARY TABLE "ausers" ("id" integer NOT NULL PRIMARY KEY, "name" varchar DEFAULT NULL, "user_email" varchar DEFAULT NULL, "age" integer DEFAULT NULL, "address" text DEFAULT NULL, "created_at" datetime NOT NULL, "updated_at" datetime NOT NULL)[0m
  ↳ db/migrate/20240125093557_user_rename_column.rb:3
  [1m[35m (0.2ms)[0m  [1m[32mINSERT INTO "ausers" ("id","name","user_email","age","address","created_at","updated_at")
                     SELECT "id","name","email","age","address","created_at","updated_at" FROM "users"[0m
  ↳ db/migrate/20240125093557_user_rename_column.rb:3
  [1m[35m (0.4ms)[0m  [1m[35mDROP TABLE "users"[0m
  ↳ db/migrate/20240125093557_user_rename_column.rb:3
  [1m[35m (0.2ms)[0m  [1m[35mCREATE TABLE "users" ("id" integer NOT NULL PRIMARY KEY, "name" varchar DEFAULT NULL, "user_email" varchar DEFAULT NULL, "age" integer DEFAULT NULL, "address" text DEFAULT NULL, "created_at" datetime NOT NULL, "updated_at" datetime NOT NULL)[0m
  ↳ db/migrate/20240125093557_user_rename_column.rb:3
  [1m[35m (0.3ms)[0m  [1m[32mINSERT INTO "users" ("id","name","user_email","age","address","created_at","updated_at")
                     SELECT "id","name","user_email","age","address","created_at","updated_at" FROM "ausers"[0m
  ↳ db/migrate/20240125093557_user_rename_column.rb:3
  [1m[35m (0.2ms)[0m  [1m[35mDROP TABLE "ausers"[0m
  ↳ db/migrate/20240125093557_user_rename_column.rb:3
  [1m[36mActiveRecord::SchemaMigration Create (0.4ms)[0m  [1m[32mINSERT INTO "schema_migrations" ("version") VALUES (?)[0m  [["version", "20240125093557"]]
  ↳ /usr/lib/ruby/vendor_ruby/bootsnap/load_path_cache/core_ext/kernel_require.rb:23
  [1m[35m (69.4ms)[0m  [1m[36mcommit transaction[0m
  ↳ /usr/lib/ruby/vendor_ruby/bootsnap/load_path_cache/core_ext/kernel_require.rb:23
  [1m[36mActiveRecord::InternalMetadata Load (9.1ms)[0m  [1m[34mSELECT  "ar_internal_metadata".* FROM "ar_internal_metadata" WHERE "ar_internal_metadata"."key" = ? LIMIT ?[0m  [["key", "environment"], ["LIMIT", 1]]
  ↳ /usr/lib/ruby/vendor_ruby/bootsnap/load_path_cache/core_ext/kernel_require.rb:23
  [1m[35m (0.1ms)[0m  [1m[36mbegin transaction[0m
  ↳ /usr/lib/ruby/vendor_ruby/bootsnap/load_path_cache/core_ext/kernel_require.rb:23
  [1m[35m (0.1ms)[0m  [1m[36mcommit transaction[0m
  ↳ /usr/lib/ruby/vendor_ruby/bootsnap/load_path_cache/core_ext/kernel_require.rb:23
  [1m[35m (0.1ms)[0m  [1m[34mSELECT "schema_migrations"."version" FROM "schema_migrations" ORDER BY "schema_migrations"."version" ASC[0m
  ↳ /usr/lib/ruby/vendor_ruby/bootsnap/load_path_cache/core_ext/kernel_require.rb:23
  [1m[35m (0.2ms)[0m  [1m[34mSELECT "schema_migrations"."version" FROM "schema_migrations" ORDER BY "schema_migrations"."version" ASC[0m
  ↳ /usr/lib/ruby/vendor_ruby/bootsnap/load_path_cache/core_ext/kernel_require.rb:23
Migrating to UsersAddColumn (20240125094845)
  [1m[35m (0.1ms)[0m  [1m[36mbegin transaction[0m
  ↳ /usr/lib/ruby/vendor_ruby/bootsnap/load_path_cache/core_ext/kernel_require.rb:23
  [1m[35m (0.5ms)[0m  [1m[35mALTER TABLE "users" ADD "mobile" varchar[0m
  ↳ db/migrate/20240125094845_users_add_column.rb:3
  [1m[36mActiveRecord::SchemaMigration Create (0.2ms)[0m  [1m[32mINSERT INTO "schema_migrations" ("version") VALUES (?)[0m  [["version", "20240125094845"]]
  ↳ /usr/lib/ruby/vendor_ruby/bootsnap/load_path_cache/core_ext/kernel_require.rb:23
  [1m[35m (130.0ms)[0m  [1m[36mcommit transaction[0m
  ↳ /usr/lib/ruby/vendor_ruby/bootsnap/load_path_cache/core_ext/kernel_require.rb:23
  [1m[36mActiveRecord::InternalMetadata Load (0.2ms)[0m  [1m[34mSELECT  "ar_internal_metadata".* FROM "ar_internal_metadata" WHERE "ar_internal_metadata"."key" = ? LIMIT ?[0m  [["key", "environment"], ["LIMIT", 1]]
  ↳ /usr/lib/ruby/vendor_ruby/bootsnap/load_path_cache/core_ext/kernel_require.rb:23
  [1m[35m (0.1ms)[0m  [1m[36mbegin transaction[0m
  ↳ /usr/lib/ruby/vendor_ruby/bootsnap/load_path_cache/core_ext/kernel_require.rb:23
  [1m[35m (0.1ms)[0m  [1m[36mcommit transaction[0m
  ↳ /usr/lib/ruby/vendor_ruby/bootsnap/load_path_cache/core_ext/kernel_require.rb:23
  [1m[35m (0.2ms)[0m  [1m[34mSELECT "schema_migrations"."version" FROM "schema_migrations" ORDER BY "schema_migrations"."version" ASC[0m
  ↳ /usr/lib/ruby/vendor_ruby/bootsnap/load_path_cache/core_ext/kernel_require.rb:23
  [1m[35m (0.1ms)[0m  [1m[36mbegin transaction[0m
  [1m[35m (0.1ms)[0m  [1m[31mrollback transaction[0m
  [1m[35m (0.1ms)[0m  [1m[36mbegin transaction[0m
  [1m[35m (0.1ms)[0m  [1m[31mrollback transaction[0m
  [1m[36mUser Load (0.3ms)[0m  [1m[34mSELECT  "users".* FROM "users" LIMIT ?[0m  [["LIMIT", 11]]
  [1m[36mUser Load (0.2ms)[0m  [1m[34mSELECT  "users".* FROM "users" LIMIT ?[0m  [["LIMIT", 11]]
  [1m[35m (0.1ms)[0m  [1m[36mbegin transaction[0m
  [1m[35m (0.1ms)[0m  [1m[31mrollback transaction[0m
  [1m[35m (0.1ms)[0m  [1m[36mbegin transaction[0m
  [1m[35m (0.1ms)[0m  [1m[31mrollback transaction[0m
  [1m[35m (0.1ms)[0m  [1m[36mbegin transaction[0m
  [1m[35m (0.1ms)[0m  [1m[31mrollback transaction[0m
  [1m[35m (0.1ms)[0m  [1m[34mSELECT "schema_migrations"."version" FROM "schema_migrations" ORDER BY "schema_migrations"."version" ASC[0m
  ↳ /usr/lib/ruby/vendor_ruby/bootsnap/load_path_cache/core_ext/kernel_require.rb:23
  [1m[36mActiveRecord::InternalMetadata Load (1.1ms)[0m  [1m[34mSELECT  "ar_internal_metadata".* FROM "ar_internal_metadata" WHERE "ar_internal_metadata"."key" = ? LIMIT ?[0m  [["key", "environment"], ["LIMIT", 1]]
  ↳ /usr/lib/ruby/vendor_ruby/bootsnap/load_path_cache/core_ext/kernel_require.rb:23
  [1m[35m (0.1ms)[0m  [1m[36mbegin transaction[0m
  ↳ /usr/lib/ruby/vendor_ruby/bootsnap/load_path_cache/core_ext/kernel_require.rb:23
  [1m[35m (0.0ms)[0m  [1m[36mcommit transaction[0m
  ↳ /usr/lib/ruby/vendor_ruby/bootsnap/load_path_cache/core_ext/kernel_require.rb:23
  [1m[35m (0.1ms)[0m  [1m[34mSELECT "schema_migrations"."version" FROM "schema_migrations" ORDER BY "schema_migrations"."version" ASC[0m
  ↳ /usr/lib/ruby/vendor_ruby/bootsnap/load_path_cache/core_ext/kernel_require.rb:23
  [1m[35m (0.1ms)[0m  [1m[36mbegin transaction[0m
  [1m[36mUser Create (0.6ms)[0m  [1m[32mINSERT INTO "users" ("name", "user_email", "age", "address", "created_at", "updated_at", "mobile") VALUES (?, ?, ?, ?, ?, ?, ?)[0m  [["name", "dinesh"], ["user_email", "dinesh@gmail.com"], ["age", 12], ["address", "asdaf"], ["created_at", "2024-01-25 10:11:21.707848"], ["updated_at", "2024-01-25 10:11:21.707848"], ["mobile", "12345"]]
  [1m[35m (71.0ms)[0m  [1m[36mcommit transaction[0m
  [1m[35m (0.1ms)[0m  [1m[36mbegin transaction[0m
  [1m[36mUser Create (0.4ms)[0m  [1m[32mINSERT INTO "users" ("name", "created_at", "updated_at") VALUES (?, ?, ?)[0m  [["name", "rakesh"], ["created_at", "2024-01-25 10:11:39.127822"], ["updated_at", "2024-01-25 10:11:39.127822"]]
  [1m[35m (86.5ms)[0m  [1m[36mcommit transaction[0m
  [1m[35m (0.1ms)[0m  [1m[36mbegin transaction[0m
  [1m[36mUser Create (0.4ms)[0m  [1m[32mINSERT INTO "users" ("name", "user_email", "created_at", "updated_at") VALUES (?, ?, ?, ?)[0m  [["name", "rakesh"], ["user_email", "gfd@"], ["created_at", "2024-01-25 10:12:02.631045"], ["updated_at", "2024-01-25 10:12:02.631045"]]
  [1m[35m (70.5ms)[0m  [1m[36mcommit transaction[0m
  [1m[36mUser Load (0.3ms)[0m  [1m[34mSELECT  "users".* FROM "users" LIMIT ?[0m  [["LIMIT", 11]]
  [1m[35m (0.1ms)[0m  [1m[36mbegin transaction[0m
  [1m[36mUser Create (0.5ms)[0m  [1m[32mINSERT INTO "users" ("name", "created_at", "updated_at") VALUES (?, ?, ?)[0m  [["name", "sourabh"], ["created_at", "2024-01-25 10:16:22.818936"], ["updated_at", "2024-01-25 10:16:22.818936"]]
  [1m[35m (73.7ms)[0m  [1m[36mcommit transaction[0m
  [1m[36mUser Load (0.2ms)[0m  [1m[34mSELECT  "users".* FROM "users" LIMIT ?[0m  [["LIMIT", 11]]
  [1m[36mUser Load (0.9ms)[0m  [1m[34mSELECT  "users".* FROM "users" LIMIT ?[0m  [["LIMIT", 11]]
  [1m[35m (0.1ms)[0m  [1m[36mbegin transaction[0m
  [1m[35m (0.1ms)[0m  [1m[31mrollback transaction[0m
  [1m[36mUser Load (0.2ms)[0m  [1m[34mSELECT  "users".* FROM "users" LIMIT ?[0m  [["LIMIT", 11]]
  [1m[35m (0.1ms)[0m  [1m[34mSELECT "schema_migrations"."version" FROM "schema_migrations" ORDER BY "schema_migrations"."version" ASC[0m
  ↳ /usr/lib/ruby/vendor_ruby/bootsnap/load_path_cache/core_ext/kernel_require.rb:23
Migrating to CreatePosts (20240125102326)
  [1m[35m (0.8ms)[0m  [1m[36mbegin transaction[0m
  ↳ /usr/lib/ruby/vendor_ruby/bootsnap/load_path_cache/core_ext/kernel_require.rb:23
  [1m[35m (0.1ms)[0m  [1m[34mSELECT sqlite_version(*)[0m
  ↳ db/migrate/20240125102326_create_posts.rb:3
  [1m[35m (0.3ms)[0m  [1m[35mCREATE TABLE "posts" ("id" integer PRIMARY KEY AUTOINCREMENT NOT NULL, "post_name" varchar, "content" text, "category" varchar, "created_at" datetime NOT NULL, "updated_at" datetime NOT NULL)[0m
  ↳ db/migrate/20240125102326_create_posts.rb:3
  [1m[36mActiveRecord::SchemaMigration Create (0.2ms)[0m  [1m[32mINSERT INTO "schema_migrations" ("version") VALUES (?)[0m  [["version", "20240125102326"]]
  ↳ /usr/lib/ruby/vendor_ruby/bootsnap/load_path_cache/core_ext/kernel_require.rb:23
  [1m[35m (79.9ms)[0m  [1m[36mcommit transaction[0m
  ↳ /usr/lib/ruby/vendor_ruby/bootsnap/load_path_cache/core_ext/kernel_require.rb:23
  [1m[36mActiveRecord::InternalMetadata Load (0.3ms)[0m  [1m[34mSELECT  "ar_internal_metadata".* FROM "ar_internal_metadata" WHERE "ar_internal_metadata"."key" = ? LIMIT ?[0m  [["key", "environment"], ["LIMIT", 1]]
  ↳ /usr/lib/ruby/vendor_ruby/bootsnap/load_path_cache/core_ext/kernel_require.rb:23
  [1m[35m (0.1ms)[0m  [1m[36mbegin transaction[0m
  ↳ /usr/lib/ruby/vendor_ruby/bootsnap/load_path_cache/core_ext/kernel_require.rb:23
  [1m[35m (0.1ms)[0m  [1m[36mcommit transaction[0m
  ↳ /usr/lib/ruby/vendor_ruby/bootsnap/load_path_cache/core_ext/kernel_require.rb:23
  [1m[35m (0.2ms)[0m  [1m[34mSELECT "schema_migrations"."version" FROM "schema_migrations" ORDER BY "schema_migrations"."version" ASC[0m
  ↳ /usr/lib/ruby/vendor_ruby/bootsnap/load_path_cache/core_ext/kernel_require.rb:23
  [1m[35m (0.2ms)[0m  [1m[34mSELECT "schema_migrations"."version" FROM "schema_migrations" ORDER BY "schema_migrations"."version" ASC[0m
  ↳ /usr/lib/ruby/vendor_ruby/bootsnap/load_path_cache/core_ext/kernel_require.rb:23
  [1m[35m (0.1ms)[0m  [1m[34mSELECT "schema_migrations"."version" FROM "schema_migrations" ORDER BY "schema_migrations"."version" ASC[0m
  ↳ /usr/lib/ruby/vendor_ruby/bootsnap/load_path_cache/core_ext/kernel_require.rb:23
  [1m[35m (0.0ms)[0m  [1m[34mSELECT "schema_migrations"."version" FROM "schema_migrations" ORDER BY "schema_migrations"."version" ASC[0m
  ↳ /usr/lib/ruby/vendor_ruby/bootsnap/load_path_cache/core_ext/kernel_require.rb:23
  [1m[35m (0.0ms)[0m  [1m[34mSELECT "schema_migrations"."version" FROM "schema_migrations" ORDER BY "schema_migrations"."version" ASC[0m
  ↳ /usr/lib/ruby/vendor_ruby/bootsnap/load_path_cache/core_ext/kernel_require.rb:23
Migrating to CreatePosts (20240125102326)
  [1m[35m (0.1ms)[0m  [1m[36mbegin transaction[0m
  ↳ /usr/lib/ruby/vendor_ruby/bootsnap/load_path_cache/core_ext/kernel_require.rb:23
  [1m[35m (1.2ms)[0m  [1m[35mDROP TABLE "posts"[0m
  ↳ /usr/lib/ruby/vendor_ruby/bootsnap/load_path_cache/core_ext/kernel_require.rb:23
  [1m[36mActiveRecord::SchemaMigration Destroy (0.3ms)[0m  [1m[31mDELETE FROM "schema_migrations" WHERE "schema_migrations"."version" = ?[0m  [["version", "20240125102326"]]
  ↳ /usr/lib/ruby/vendor_ruby/bootsnap/load_path_cache/core_ext/kernel_require.rb:23
  [1m[35m (72.7ms)[0m  [1m[36mcommit transaction[0m
  ↳ /usr/lib/ruby/vendor_ruby/bootsnap/load_path_cache/core_ext/kernel_require.rb:23
  [1m[35m (0.2ms)[0m  [1m[34mSELECT "schema_migrations"."version" FROM "schema_migrations" ORDER BY "schema_migrations"."version" ASC[0m
  ↳ /usr/lib/ruby/vendor_ruby/bootsnap/load_path_cache/core_ext/kernel_require.rb:23
  [1m[35m (0.1ms)[0m  [1m[34mSELECT "schema_migrations"."version" FROM "schema_migrations" ORDER BY "schema_migrations"."version" ASC[0m
  ↳ /usr/lib/ruby/vendor_ruby/bootsnap/load_path_cache/core_ext/kernel_require.rb:23
Migrating to CreatePosts (20240125102326)
  [1m[35m (0.1ms)[0m  [1m[36mbegin transaction[0m
  ↳ /usr/lib/ruby/vendor_ruby/bootsnap/load_path_cache/core_ext/kernel_require.rb:23
  [1m[35m (0.1ms)[0m  [1m[34mSELECT sqlite_version(*)[0m
  ↳ db/migrate/20240125102326_create_posts.rb:3
  [1m[35m (0.4ms)[0m  [1m[35mCREATE TABLE "posts" ("id" integer PRIMARY KEY AUTOINCREMENT NOT NULL, "post_name" varchar, "content" text, "category" varchar, "user_id" integer, "created_at" datetime NOT NULL, "updated_at" datetime NOT NULL, CONSTRAINT "fk_rails_5b5ddfd518"
FOREIGN KEY ("user_id")
  REFERENCES "users" ("id")
)[0m
  ↳ db/migrate/20240125102326_create_posts.rb:3
  [1m[35m (0.1ms)[0m  [1m[35mCREATE  INDEX "index_posts_on_user_id" ON "posts" ("user_id")[0m
  ↳ db/migrate/20240125102326_create_posts.rb:3
  [1m[36mActiveRecord::SchemaMigration Create (1.1ms)[0m  [1m[32mINSERT INTO "schema_migrations" ("version") VALUES (?)[0m  [["version", "20240125102326"]]
  ↳ /usr/lib/ruby/vendor_ruby/bootsnap/load_path_cache/core_ext/kernel_require.rb:23
  [1m[35m (111.6ms)[0m  [1m[36mcommit transaction[0m
  ↳ /usr/lib/ruby/vendor_ruby/bootsnap/load_path_cache/core_ext/kernel_require.rb:23
  [1m[36mActiveRecord::InternalMetadata Load (0.3ms)[0m  [1m[34mSELECT  "ar_internal_metadata".* FROM "ar_internal_metadata" WHERE "ar_internal_metadata"."key" = ? LIMIT ?[0m  [["key", "environment"], ["LIMIT", 1]]
  ↳ /usr/lib/ruby/vendor_ruby/bootsnap/load_path_cache/core_ext/kernel_require.rb:23
  [1m[35m (0.1ms)[0m  [1m[36mbegin transaction[0m
  ↳ /usr/lib/ruby/vendor_ruby/bootsnap/load_path_cache/core_ext/kernel_require.rb:23
  [1m[35m (0.1ms)[0m  [1m[36mcommit transaction[0m
  ↳ /usr/lib/ruby/vendor_ruby/bootsnap/load_path_cache/core_ext/kernel_require.rb:23
  [1m[35m (0.2ms)[0m  [1m[34mSELECT "schema_migrations"."version" FROM "schema_migrations" ORDER BY "schema_migrations"."version" ASC[0m
  ↳ /usr/lib/ruby/vendor_ruby/bootsnap/load_path_cache/core_ext/kernel_require.rb:23
  [1m[36mUser Load (0.3ms)[0m  [1m[34mSELECT  "users".* FROM "users" LIMIT ?[0m  [["LIMIT", 11]]
  [1m[36mUser Load (0.3ms)[0m  [1m[34mSELECT  "users".* FROM "users" LIMIT ?[0m  [["LIMIT", 11]]
  [1m[35m (0.1ms)[0m  [1m[36mbegin transaction[0m
  [1m[36mUser Create (0.8ms)[0m  [1m[32mINSERT INTO "users" ("name", "user_email", "age", "created_at", "updated_at") VALUES (?, ?, ?, ?, ?)[0m  [["name", "abhishek"], ["user_email", "abhishek@gmail.com"], ["age", 23], ["created_at", "2024-01-25 10:58:10.848120"], ["updated_at", "2024-01-25 10:58:10.848120"]]
  [1m[35m (67.2ms)[0m  [1m[36mcommit transaction[0m
  [1m[35m (0.1ms)[0m  [1m[36mbegin transaction[0m
  [1m[36mUser Create (0.4ms)[0m  [1m[32mINSERT INTO "users" ("name", "user_email", "age", "created_at", "updated_at") VALUES (?, ?, ?, ?, ?)[0m  [["name", "abhishek"], ["user_email", "abhishek@gmail.com"], ["age", 23], ["created_at", "2024-01-25 10:58:33.337652"], ["updated_at", "2024-01-25 10:58:33.337652"]]
  [1m[35m (72.8ms)[0m  [1m[36mcommit transaction[0m
  [1m[35m (0.1ms)[0m  [1m[36mbegin transaction[0m
  [1m[36mUser Create (0.7ms)[0m  [1m[32mINSERT INTO "users" ("name", "user_email", "age", "created_at", "updated_at") VALUES (?, ?, ?, ?, ?)[0m  [["name", "Shubham"], ["user_email", "shubham@gmail.com"], ["age", 25], ["created_at", "2024-01-25 11:00:08.438401"], ["updated_at", "2024-01-25 11:00:08.438401"]]
  [1m[35m (160.9ms)[0m  [1m[36mcommit transaction[0m
  [1m[36mUser Load (0.5ms)[0m  [1m[34mSELECT  "users".* FROM "users" LIMIT ?[0m  [["LIMIT", 11]]
Started GET "/" for ::1 at 2024-01-29 10:54:41 +0530
  [1m[35m (0.2ms)[0m  [1m[34mSELECT "schema_migrations"."version" FROM "schema_migrations" ORDER BY "schema_migrations"."version" ASC[0m
  ↳ /usr/lib/ruby/vendor_ruby/web_console/middleware.rb:135
Processing by Rails::WelcomeController#index as HTML
  Rendering /usr/share/rubygems-integration/all/gems/railties-5.2.3/lib/rails/templates/rails/welcome/index.html.erb
  Rendered /usr/share/rubygems-integration/all/gems/railties-5.2.3/lib/rails/templates/rails/welcome/index.html.erb (14.2ms)
Completed 200 OK in 68ms (Views: 45.3ms | ActiveRecord: 0.0ms)


Started GET "/blogs" for ::1 at 2024-01-29 10:56:04 +0530
  
ActionController::RoutingError (No route matches [GET] "/blogs"):
  
actionpack (5.2.3) lib/action_dispatch/middleware/debug_exceptions.rb:65:in `call'
/usr/lib/ruby/vendor_ruby/web_console/middleware.rb:135:in `call_app'
/usr/lib/ruby/vendor_ruby/web_console/middleware.rb:30:in `block in call'
/usr/lib/ruby/vendor_ruby/web_console/middleware.rb:20:in `catch'
/usr/lib/ruby/vendor_ruby/web_console/middleware.rb:20:in `call'
actionpack (5.2.3) lib/action_dispatch/middleware/show_exceptions.rb:33:in `call'
railties (5.2.3) lib/rails/rack/logger.rb:38:in `call_app'
railties (5.2.3) lib/rails/rack/logger.rb:26:in `block in call'
activesupport (5.2.3) lib/active_support/tagged_logging.rb:71:in `block in tagged'
activesupport (5.2.3) lib/active_support/tagged_logging.rb:28:in `tagged'
activesupport (5.2.3) lib/active_support/tagged_logging.rb:71:in `tagged'
railties (5.2.3) lib/rails/rack/logger.rb:26:in `call'
/usr/lib/ruby/vendor_ruby/sprockets/rails/quiet_assets.rb:13:in `call'
actionpack (5.2.3) lib/action_dispatch/middleware/remote_ip.rb:81:in `call'
actionpack (5.2.3) lib/action_dispatch/middleware/request_id.rb:27:in `call'
/usr/lib/ruby/vendor_ruby/rack/method_override.rb:22:in `call'
/usr/lib/ruby/vendor_ruby/rack/runtime.rb:22:in `call'
activesupport (5.2.3) lib/active_support/cache/strategy/local_cache_middleware.rb:29:in `call'
actionpack (5.2.3) lib/action_dispatch/middleware/executor.rb:14:in `call'
actionpack (5.2.3) lib/action_dispatch/middleware/static.rb:127:in `call'
/usr/lib/ruby/vendor_ruby/rack/sendfile.rb:111:in `call'
railties (5.2.3) lib/rails/engine.rb:524:in `call'
/usr/lib/ruby/vendor_ruby/puma/configuration.rb:227:in `call'
/usr/lib/ruby/vendor_ruby/puma/server.rb:675:in `handle_request'
/usr/lib/ruby/vendor_ruby/puma/server.rb:476:in `process_client'
/usr/lib/ruby/vendor_ruby/puma/server.rb:334:in `block in run'
/usr/lib/ruby/vendor_ruby/puma/thread_pool.rb:135:in `block in spawn_thread'
Started GET "/" for ::1 at 2024-01-29 12:01:39 +0530
  [1m[35m (30.4ms)[0m  [1m[34mSELECT "schema_migrations"."version" FROM "schema_migrations" ORDER BY "schema_migrations"."version" ASC[0m
  ↳ /usr/lib/ruby/vendor_ruby/web_console/middleware.rb:135
Processing by Rails::WelcomeController#index as HTML
  Rendering /usr/share/rubygems-integration/all/gems/railties-5.2.3/lib/rails/templates/rails/welcome/index.html.erb
  Rendered /usr/share/rubygems-integration/all/gems/railties-5.2.3/lib/rails/templates/rails/welcome/index.html.erb (2.4ms)
Completed 200 OK in 64ms (Views: 34.8ms | ActiveRecord: 0.0ms)


Started GET "/" for ::1 at 2024-01-29 12:02:32 +0530
Processing by Rails::WelcomeController#index as HTML
  Rendering /usr/share/rubygems-integration/all/gems/railties-5.2.3/lib/rails/templates/rails/welcome/index.html.erb
  Rendered /usr/share/rubygems-integration/all/gems/railties-5.2.3/lib/rails/templates/rails/welcome/index.html.erb (3.0ms)
Completed 200 OK in 16ms (Views: 13.4ms | ActiveRecord: 0.0ms)


Started GET "/" for ::1 at 2024-01-29 12:03:18 +0530
Processing by Rails::WelcomeController#index as HTML
  Rendering /usr/share/rubygems-integration/all/gems/railties-5.2.3/lib/rails/templates/rails/welcome/index.html.erb
  Rendered /usr/share/rubygems-integration/all/gems/railties-5.2.3/lib/rails/templates/rails/welcome/index.html.erb (4.7ms)
Completed 200 OK in 8ms (Views: 6.8ms | ActiveRecord: 0.0ms)


Started GET "/blogs" for ::1 at 2024-01-29 12:03:26 +0530
Processing by BlogsController#index as HTML
  [1m[36mUser Load (40.1ms)[0m  [1m[34mSELECT "users".* FROM "users"[0m
  ↳ app/controllers/blogs_controller.rb:3
Completed 200 OK in 194ms (Views: 47.2ms | ActiveRecord: 40.8ms)


